Дата записи в файл: 2025-10-22 16:50:15.534653
Функция hello_world
Позиционные аргументы ()
Именованные аргументы {}
Результат: Hello World

Дата записи в файл: 2025-10-22 16:50:15.535658
Функция summator
Позиционные аргументы (2, 2)
Именованные аргументы {}
Результат: 4

Дата записи в файл: 2025-10-22 16:50:15.537672
Функция div
Позиционные аргументы (6, 2)
Именованные аргументы {}
Результат: 3.0

Дата записи в файл: 2025-10-22 16:50:15.539679
Функция summator
Позиционные аргументы (4.3,)
Именованные аргументы {'b': 2.2}
Результат: 6.5

