Дата записи в файл: 2025-10-22 16:50:15.511654
Функция hello_world
Позиционные аргументы ()
Именованные аргументы {}
Результат: Hello World

Дата записи в файл: 2025-10-22 16:50:15.513672
Функция summator
Позиционные аргументы (2, 2)
Именованные аргументы {}
Результат: 4

Дата записи в файл: 2025-10-22 16:50:15.514676
Функция div
Позиционные аргументы (6, 2)
Именованные аргументы {}
Результат: 3.0

Дата записи в файл: 2025-10-22 16:50:15.516674
Функция summator
Позиционные аргументы (4.3,)
Именованные аргументы {'b': 2.2}
Результат: 6.5

Дата записи в файл: 2025-10-22 16:50:15.519654
Функция summator
Позиционные аргументы ()
Именованные аргументы {'a': 0, 'b': 0}
Результат: 0

